<?xml version="1.0" encoding="UTF-8"?>
<Site BuildName="Linux-g++"
	BuildStamp="20240213-1228-Experimental"
	Name="kate-IdeaPad-3-15ALC6"
	Generator="ctest-3.16.3"
	CompilerName="/usr/bin/g++"
	CompilerVersion="9.4.0"
	OSName="Linux"
	Hostname="kate-IdeaPad-3-15ALC6"
	OSRelease="5.15.0-92-generic"
	OSVersion="#102~20.04.1-Ubuntu SMP Mon Jan 15 13:09:14 UTC 2024"
	OSPlatform="x86_64"
	Is64Bits="1"
	VendorString="AuthenticAMD"
	VendorID="Advanced Micro Devices"
	FamilyID="23"
	ModelID="104"
	ProcessorCacheSize="512"
	NumberOfLogicalCPU="12"
	NumberOfPhysicalCPU="6"
	TotalVirtualMemory="7700"
	TotalPhysicalMemory="5779"
	LogicalProcessorsPerPhysical="2"
	ProcessorClockFrequency="1573.2"
	>
	<Testing>
		<StartDateTime>Feb 13 15:31 MSK</StartDateTime>
		<StartTestTime>1707827481</StartTestTime>
		<TestList/>
		<EndDateTime>Feb 13 15:31 MSK</EndDateTime>
		<EndTestTime>1707827481</EndTestTime>
		<ElapsedMinutes>0</ElapsedMinutes>
	</Testing>
</Site>
